[ 50%] [32mBuilding CXX object CMakeFiles/camera_publisher.dir/src/camera_publisher.cpp.o[0m
[01m[K/home/abd1340m/Dokumente/c++/ros2_cpp_vis_ws/src/visualise_cpp/src/camera_publisher.cpp:45:6:[m[K [01;31m[Kerror: [m[Kexpected â€˜[01m[K;[m[Kâ€™ after class definition
   45 |     }
      |      [01;31m[K^[m[K
      |      [32m[K;[m[K
[01m[K/home/abd1340m/Dokumente/c++/ros2_cpp_vis_ws/src/visualise_cpp/src/camera_publisher.cpp:[m[K In constructor â€˜[01m[KCameraSubscriber::CameraSubscriber()[m[Kâ€™:
[01m[K/home/abd1340m/Dokumente/c++/ros2_cpp_vis_ws/src/visualise_cpp/src/camera_publisher.cpp:30:20:[m[K [01;31m[Kerror: [m[Kâ€˜[01m[Kusing SharedPtr = class std::shared_ptr<rclcpp::Subscription<sensor_msgs::msg::Image_<std::allocator<void> > > >[m[Kâ€™ {aka â€˜[01m[Kclass std::shared_ptr<rclcpp::Subscription<sensor_msgs::msg::Image_<std::allocator<void> > > >[m[Kâ€™} has no member named â€˜[01m[Ksubscribe[m[Kâ€™
   30 |         image_sub_.[01;31m[Ksubscribe[m[K(this, "/my_camera/pylon_ros2_camera_node/image_raw", rmw_qos_profile_sensor_data);
      |                    [01;31m[K^~~~~~~~~[m[K
[01m[K/home/abd1340m/Dokumente/c++/ros2_cpp_vis_ws/src/visualise_cpp/src/camera_publisher.cpp:31:9:[m[K [01;31m[Kerror: [m[Kâ€˜[01m[Kpointcloud_sub_[m[Kâ€™ was not declared in this scope
   31 |         [01;31m[Kpointcloud_sub_[m[K.subscribe(this, "/ouster/points", rmw_qos_profile_sensor_data);
      |         [01;31m[K^~~~~~~~~~~~~~~[m[K
[01m[K/home/abd1340m/Dokumente/c++/ros2_cpp_vis_ws/src/visualise_cpp/src/camera_publisher.cpp:33:26:[m[K [01;31m[Kerror: [m[Kâ€˜[01m[KSubscriber[m[Kâ€™ is not a member of â€˜[01m[Kmessage_filters[m[Kâ€™
   33 |         message_filters::[01;31m[KSubscriber[m[K<sensor_msgs::msg::Image> image_sub_;
      |                          [01;31m[K^~~~~~~~~~[m[K
[01m[K/home/abd1340m/Dokumente/c++/ros2_cpp_vis_ws/src/visualise_cpp/src/camera_publisher.cpp:33:60:[m[K [01;31m[Kerror: [m[Kexpected primary-expression before â€˜[01m[K>[m[Kâ€™ token
   33 |         message_filters::Subscriber<sensor_msgs::msg::Image[01;31m[K>[m[K image_sub_;
      |                                                            [01;31m[K^[m[K
[01m[K/home/abd1340m/Dokumente/c++/ros2_cpp_vis_ws/src/visualise_cpp/src/camera_publisher.cpp:34:26:[m[K [01;31m[Kerror: [m[Kâ€˜[01m[KSubscriber[m[Kâ€™ is not a member of â€˜[01m[Kmessage_filters[m[Kâ€™
   34 |         message_filters::[01;31m[KSubscriber[m[K<sensor_msgs::msg::PointCloud2> pointcloud_sub_;
      |                          [01;31m[K^~~~~~~~~~[m[K
[01m[K/home/abd1340m/Dokumente/c++/ros2_cpp_vis_ws/src/visualise_cpp/src/camera_publisher.cpp:34:66:[m[K [01;31m[Kerror: [m[Kexpected primary-expression before â€˜[01m[K>[m[Kâ€™ token
   34 |         message_filters::Subscriber<sensor_msgs::msg::PointCloud2[01;31m[K>[m[K pointcloud_sub_;
      |                                                                  [01;31m[K^[m[K
[01m[K/home/abd1340m/Dokumente/c++/ros2_cpp_vis_ws/src/visualise_cpp/src/camera_publisher.cpp:37:47:[m[K [01;31m[Kerror: [m[Kâ€˜[01m[KApproximateTime[m[Kâ€™ in namespace â€˜[01m[Kmessage_filters[m[Kâ€™ does not name a template type
   37 |         using MySyncPolicy = message_filters::[01;31m[KApproximateTime[m[K<sensor_msgs::msg::Image, sensor_msgs::msg::PointCloud2>;
      |                                               [01;31m[K^~~~~~~~~~~~~~~[m[K
[01m[K/home/abd1340m/Dokumente/c++/ros2_cpp_vis_ws/src/visualise_cpp/src/camera_publisher.cpp:38:55:[m[K [01;31m[Kerror: [m[Kâ€˜[01m[KMySyncPolicy[m[Kâ€™ was not declared in this scope
   38 |         std::shared_ptr<message_filters::Synchronizer<[01;31m[KMySyncPolicy[m[K>> sync_;
      |                                                       [01;31m[K^~~~~~~~~~~~[m[K
[01m[K/home/abd1340m/Dokumente/c++/ros2_cpp_vis_ws/src/visualise_cpp/src/camera_publisher.cpp:38:55:[m[K [01;31m[Kerror: [m[Ktemplate argument 1 is invalid
[01m[K/home/abd1340m/Dokumente/c++/ros2_cpp_vis_ws/src/visualise_cpp/src/camera_publisher.cpp:38:67:[m[K [01;31m[Kerror: [m[Ktemplate argument 1 is invalid
   38 |         std::shared_ptr<message_filters::Synchronizer<MySyncPolicy[01;31m[K>>[m[K sync_;
      |                                                                   [01;31m[K^~[m[K
[01m[K/home/abd1340m/Dokumente/c++/ros2_cpp_vis_ws/src/visualise_cpp/src/camera_publisher.cpp:40:16:[m[K [01;31m[Kerror: [m[Krequest for member â€˜[01m[Kreset[m[Kâ€™ in â€˜[01m[Ksync_[m[Kâ€™, which is of non-class type â€˜[01m[Kint[m[Kâ€™
   40 |          sync_.[01;31m[Kreset[m[K(new Sync(MySyncPolicy(10), image_sub_, pointcloud_sub_));
      |                [01;31m[K^~~~~[m[K
[01m[K/home/abd1340m/Dokumente/c++/ros2_cpp_vis_ws/src/visualise_cpp/src/camera_publisher.cpp:40:26:[m[K [01;31m[Kerror: [m[Kexpected type-specifier before â€˜[01m[KSync[m[Kâ€™
   40 |          sync_.reset(new [01;31m[KSync[m[K(MySyncPolicy(10), image_sub_, pointcloud_sub_));
      |                          [01;31m[K^~~~[m[K
[01m[K/home/abd1340m/Dokumente/c++/ros2_cpp_vis_ws/src/visualise_cpp/src/camera_publisher.cpp:43:14:[m[K [01;31m[Kerror: [m[Kbase operand of â€˜[01m[K->[m[Kâ€™ is not a pointer
   43 |         sync_[01;31m[K->[m[KregisterCallback(std::bind(&CameraSubscriber::syncCallback, this, std::placeholders::_1, std::placeholders::_2));
      |              [01;31m[K^~[m[K
[01m[K/home/abd1340m/Dokumente/c++/ros2_cpp_vis_ws/src/visualise_cpp/src/camera_publisher.cpp:43:62:[m[K [01;31m[Kerror: [m[Kâ€˜[01m[KsyncCallback[m[Kâ€™ is not a member of â€˜[01m[KCameraSubscriber[m[Kâ€™
   43 |         sync_->registerCallback(std::bind(&CameraSubscriber::[01;31m[KsyncCallback[m[K, this, std::placeholders::_1, std::placeholders::_2));
      |                                                              [01;31m[K^~~~~~~~~~~~[m[K
[01m[K/home/abd1340m/Dokumente/c++/ros2_cpp_vis_ws/src/visualise_cpp/src/camera_publisher.cpp:[m[K At global scope:
[01m[K/home/abd1340m/Dokumente/c++/ros2_cpp_vis_ws/src/visualise_cpp/src/camera_publisher.cpp:47:1:[m[K [01;31m[Kerror: [m[Kexpected unqualified-id before â€˜[01m[Kprivate[m[Kâ€™
   47 | [01;31m[Kprivate[m[K:
      | [01;31m[K^~~~~~~[m[K
[01m[K/home/abd1340m/Dokumente/c++/ros2_cpp_vis_ws/src/visualise_cpp/src/camera_publisher.cpp:70:1:[m[K [01;31m[Kerror: [m[Kexpected declaration before â€˜[01m[K}[m[Kâ€™ token
   70 | [01;31m[K}[m[K;
      | [01;31m[K^[m[K
gmake[2]: *** [CMakeFiles/camera_publisher.dir/build.make:76: CMakeFiles/camera_publisher.dir/src/camera_publisher.cpp.o] Error 1
gmake[1]: *** [CMakeFiles/Makefile2:137: CMakeFiles/camera_publisher.dir/all] Error 2
gmake: *** [Makefile:146: all] Error 2
