[01m[K/home/abd1340m/Dokumente/c++/ros2_cpp_vis_ws/src/visualise_cpp/src/camera_publisher.cpp:[m[K In member function â€˜[01m[Kvoid CameraSubscriber::Callback(const ConstSharedPtr&, const ConstSharedPtr&)[m[Kâ€™:
[01m[K/home/abd1340m/Dokumente/c++/ros2_cpp_vis_ws/src/visualise_cpp/src/camera_publisher.cpp:59:53:[m[K [01;31m[Kerror: [m[Kâ€˜[01m[Kmatrix_coefficients_mat[m[Kâ€™ was not declared in this scope
   59 |             cv::undistort(image, undistorted_image, [01;31m[Kmatrix_coefficients_mat[m[K, distortion_coefficients_mat);
      |                                                     [01;31m[K^~~~~~~~~~~~~~~~~~~~~~~[m[K
[01m[K/home/abd1340m/Dokumente/c++/ros2_cpp_vis_ws/src/visualise_cpp/src/camera_publisher.cpp:59:78:[m[K [01;31m[Kerror: [m[Kâ€˜[01m[Kdistortion_coefficients_mat[m[Kâ€™ was not declared in this scope
   59 |             cv::undistort(image, undistorted_image, matrix_coefficients_mat, [01;31m[Kdistortion_coefficients_mat[m[K);
      |                                                                              [01;31m[K^~~~~~~~~~~~~~~~~~~~~~~~~~~[m[K
gmake[2]: *** [CMakeFiles/camera_publisher.dir/build.make:76: CMakeFiles/camera_publisher.dir/src/camera_publisher.cpp.o] Error 1
gmake[1]: *** [CMakeFiles/Makefile2:137: CMakeFiles/camera_publisher.dir/all] Error 2
gmake: *** [Makefile:146: all] Error 2
