[0.022s] Invoking command in '/home/abd1340m/Dokumente/c++/ros2_cpp_vis_ws/build/camera_publisher': CMAKE_PREFIX_PATH=${CMAKE_PREFIX_PATH}:/opt/ros/humble /usr/bin/cmake --build /home/abd1340m/Dokumente/c++/ros2_cpp_vis_ws/build/camera_publisher -- -j28 -l28
[0.118s] [35m[1mConsolidate compiler generated dependencies of target camera_publisher[0m
[0.159s] [ 50%] [32mBuilding CXX object CMakeFiles/camera_publisher.dir/src/camera_publisher.cpp.o[0m
[3.551s] [01m[K/home/abd1340m/Dokumente/c++/ros2_cpp_vis_ws/src/visualise_cpp/src/camera_publisher.cpp:[m[K In member function â€˜[01m[Kvoid CameraSubscriber::Callback(const ConstSharedPtr&, const ConstSharedPtr&)[m[Kâ€™:
[3.551s] [01m[K/home/abd1340m/Dokumente/c++/ros2_cpp_vis_ws/src/visualise_cpp/src/camera_publisher.cpp:59:53:[m[K [01;31m[Kerror: [m[Kâ€˜[01m[Kmatrix_coefficients_mat[m[Kâ€™ was not declared in this scope
[3.551s]    59 |             cv::undistort(image, undistorted_image, [01;31m[Kmatrix_coefficients_mat[m[K, distortion_coefficients_mat);
[3.551s]       |                                                     [01;31m[K^~~~~~~~~~~~~~~~~~~~~~~[m[K
[3.558s] [01m[K/home/abd1340m/Dokumente/c++/ros2_cpp_vis_ws/src/visualise_cpp/src/camera_publisher.cpp:59:78:[m[K [01;31m[Kerror: [m[Kâ€˜[01m[Kdistortion_coefficients_mat[m[Kâ€™ was not declared in this scope
[3.558s]    59 |             cv::undistort(image, undistorted_image, matrix_coefficients_mat, [01;31m[Kdistortion_coefficients_mat[m[K);
[3.558s]       |                                                                              [01;31m[K^~~~~~~~~~~~~~~~~~~~~~~~~~~[m[K
[8.834s] gmake[2]: *** [CMakeFiles/camera_publisher.dir/build.make:76: CMakeFiles/camera_publisher.dir/src/camera_publisher.cpp.o] Error 1
[8.834s] gmake[1]: *** [CMakeFiles/Makefile2:137: CMakeFiles/camera_publisher.dir/all] Error 2
[8.835s] gmake: *** [Makefile:146: all] Error 2
[8.839s] Invoked command in '/home/abd1340m/Dokumente/c++/ros2_cpp_vis_ws/build/camera_publisher' returned '2': CMAKE_PREFIX_PATH=${CMAKE_PREFIX_PATH}:/opt/ros/humble /usr/bin/cmake --build /home/abd1340m/Dokumente/c++/ros2_cpp_vis_ws/build/camera_publisher -- -j28 -l28
