[0.013s] Invoking command in '/home/abd1340m/Dokumente/c++/ros2_cpp_vis_ws/build/camera_publisher': CMAKE_PREFIX_PATH=${CMAKE_PREFIX_PATH}:/opt/ros/humble /usr/bin/cmake --build /home/abd1340m/Dokumente/c++/ros2_cpp_vis_ws/build/camera_publisher -- -j28 -l28
[0.090s] [35m[1mConsolidate compiler generated dependencies of target camera_publisher[0m
[0.134s] [ 50%] [32mBuilding CXX object CMakeFiles/camera_publisher.dir/src/camera_publisher.cpp.o[0m
[3.375s] [01m[K/home/abd1340m/Dokumente/c++/ros2_cpp_vis_ws/src/visualise_cpp/src/camera_publisher.cpp:[m[K In constructor â€˜[01m[KCameraSubscriber::CameraSubscriber()[m[Kâ€™:
[3.376s] [01m[K/home/abd1340m/Dokumente/c++/ros2_cpp_vis_ws/src/visualise_cpp/src/camera_publisher.cpp:44:40:[m[K [01;31m[Kerror: [m[Kâ€˜[01m[Kqueue_size[m[Kâ€™ was not declared in this scope
[3.376s]    44 |         sensor_msgs::msg::PointCloud2>([01;31m[Kqueue_size[m[K), image_sub_, pointcloud_sub_);
[3.376s]       |                                        [01;31m[K^~~~~~~~~~[m[K
[3.433s] [01m[K/home/abd1340m/Dokumente/c++/ros2_cpp_vis_ws/src/visualise_cpp/src/camera_publisher.cpp:47:77:[m[K [01;31m[Kerror: [m[Kâ€˜[01m[K_1[m[Kâ€™ was not declared in this scope; did you mean â€˜[01m[Kstd::placeholders::_1[m[Kâ€™?
[3.433s]    47 |         sync->registerCallback(std::bind(&CameraSubscriber::Callback, this, [01;31m[K_1[m[K, _2));
[3.433s]       |                                                                             [01;31m[K^~[m[K
[3.433s]       |                                                                             [32m[Kstd::placeholders::_1[m[K
[3.434s] In file included from [01m[K/usr/include/c++/10/pstl/glue_algorithm_defs.h:13[m[K,
[3.434s]                  from [01m[K/usr/include/c++/10/algorithm:74[m[K,
[3.434s]                  from [01m[K/opt/ros/humble/include/rclcpp/rclcpp/executor.hpp:18[m[K,
[3.434s]                  from [01m[K/opt/ros/humble/include/rclcpp/rclcpp/executors/multi_threaded_executor.hpp:25[m[K,
[3.434s]                  from [01m[K/opt/ros/humble/include/rclcpp/rclcpp/executors.hpp:21[m[K,
[3.434s]                  from [01m[K/opt/ros/humble/include/rclcpp/rclcpp/rclcpp.hpp:155[m[K,
[3.435s]                  from [01m[K/home/abd1340m/Dokumente/c++/ros2_cpp_vis_ws/src/visualise_cpp/src/camera_publisher.cpp:1[m[K:
[3.435s] [01m[K/usr/include/c++/10/functional:221:34:[m[K [01;36m[Knote: [m[Kâ€˜[01m[Kstd::placeholders::_1[m[Kâ€™ declared here
[3.435s]   221 |     extern const _Placeholder<1> [01;36m[K_1[m[K;
[3.435s]       |                                  [01;36m[K^~[m[K
[3.435s] [01m[K/home/abd1340m/Dokumente/c++/ros2_cpp_vis_ws/src/visualise_cpp/src/camera_publisher.cpp:47:81:[m[K [01;31m[Kerror: [m[Kâ€˜[01m[K_2[m[Kâ€™ was not declared in this scope; did you mean â€˜[01m[Kstd::placeholders::_2[m[Kâ€™?
[3.435s]    47 |         sync->registerCallback(std::bind(&CameraSubscriber::Callback, this, _1, [01;31m[K_2[m[K));
[3.435s]       |                                                                                 [01;31m[K^~[m[K
[3.436s]       |                                                                                 [32m[Kstd::placeholders::_2[m[K
[3.436s] In file included from [01m[K/usr/include/c++/10/pstl/glue_algorithm_defs.h:13[m[K,
[3.436s]                  from [01m[K/usr/include/c++/10/algorithm:74[m[K,
[3.436s]                  from [01m[K/opt/ros/humble/include/rclcpp/rclcpp/executor.hpp:18[m[K,
[3.436s]                  from [01m[K/opt/ros/humble/include/rclcpp/rclcpp/executors/multi_threaded_executor.hpp:25[m[K,
[3.436s]                  from [01m[K/opt/ros/humble/include/rclcpp/rclcpp/executors.hpp:21[m[K,
[3.436s]                  from [01m[K/opt/ros/humble/include/rclcpp/rclcpp/rclcpp.hpp:155[m[K,
[3.437s]                  from [01m[K/home/abd1340m/Dokumente/c++/ros2_cpp_vis_ws/src/visualise_cpp/src/camera_publisher.cpp:1[m[K:
[3.437s] [01m[K/usr/include/c++/10/functional:222:34:[m[K [01;36m[Knote: [m[Kâ€˜[01m[Kstd::placeholders::_2[m[Kâ€™ declared here
[3.437s]   222 |     extern const _Placeholder<2> [01;36m[K_2[m[K;
[3.437s]       |                                  [01;36m[K^~[m[K
[6.930s] gmake[2]: *** [CMakeFiles/camera_publisher.dir/build.make:76: CMakeFiles/camera_publisher.dir/src/camera_publisher.cpp.o] Error 1
[6.930s] gmake[1]: *** [CMakeFiles/Makefile2:137: CMakeFiles/camera_publisher.dir/all] Error 2
[6.931s] gmake: *** [Makefile:146: all] Error 2
[6.935s] Invoked command in '/home/abd1340m/Dokumente/c++/ros2_cpp_vis_ws/build/camera_publisher' returned '2': CMAKE_PREFIX_PATH=${CMAKE_PREFIX_PATH}:/opt/ros/humble /usr/bin/cmake --build /home/abd1340m/Dokumente/c++/ros2_cpp_vis_ws/build/camera_publisher -- -j28 -l28
