[01m[K/home/abd1340m/Dokumente/c++/ros2_cpp_vis_ws/src/visualise_cpp/src/camera_publisher.cpp:13:26:[m[K [01;31m[Kerror: [m[Kâ€˜[01m[KSubscriber[m[Kâ€™ in namespace â€˜[01m[Kmessage_filters[m[Kâ€™ does not name a template type
   13 |         message_filters::[01;31m[KSubscriber[m[K<sensor_msgs::msg::Image> image_sub_;
      |                          [01;31m[K^~~~~~~~~~[m[K
[01m[K/home/abd1340m/Dokumente/c++/ros2_cpp_vis_ws/src/visualise_cpp/src/camera_publisher.cpp:14:26:[m[K [01;31m[Kerror: [m[Kâ€˜[01m[KSubscriber[m[Kâ€™ in namespace â€˜[01m[Kmessage_filters[m[Kâ€™ does not name a template type
   14 |         message_filters::[01;31m[KSubscriber[m[K<sensor_msgs::msg::PointCloud2> pointcloud_sub_;
      |                          [01;31m[K^~~~~~~~~~[m[K
[01m[K/home/abd1340m/Dokumente/c++/ros2_cpp_vis_ws/src/visualise_cpp/src/camera_publisher.cpp:46:6:[m[K [01;31m[Kerror: [m[Kexpected â€˜[01m[K;[m[Kâ€™ after class definition
   46 |     }
      |      [01;31m[K^[m[K
      |      [32m[K;[m[K
[01m[K/home/abd1340m/Dokumente/c++/ros2_cpp_vis_ws/src/visualise_cpp/src/camera_publisher.cpp:[m[K In constructor â€˜[01m[KCameraSubscriber::CameraSubscriber()[m[Kâ€™:
[01m[K/home/abd1340m/Dokumente/c++/ros2_cpp_vis_ws/src/visualise_cpp/src/camera_publisher.cpp:36:9:[m[K [01;31m[Kerror: [m[Kâ€˜[01m[Kimage_sub_[m[Kâ€™ was not declared in this scope
   36 |         [01;31m[Kimage_sub_[m[K.subscribe(this, "/my_camera/pylon_ros2_camera_node/image_raw", rmw_qos_profile_sensor_data);
      |         [01;31m[K^~~~~~~~~~[m[K
[01m[K/home/abd1340m/Dokumente/c++/ros2_cpp_vis_ws/src/visualise_cpp/src/camera_publisher.cpp:37:9:[m[K [01;31m[Kerror: [m[Kâ€˜[01m[Kpointcloud_sub_[m[Kâ€™ was not declared in this scope
   37 |         [01;31m[Kpointcloud_sub_[m[K.subscribe(this, "/ouster/points", rmw_qos_profile_sensor_data);
      |         [01;31m[K^~~~~~~~~~~~~~~[m[K
[01m[K/home/abd1340m/Dokumente/c++/ros2_cpp_vis_ws/src/visualise_cpp/src/camera_publisher.cpp:44:62:[m[K [01;31m[Kerror: [m[Kâ€˜[01m[KsyncCallback[m[Kâ€™ is not a member of â€˜[01m[KCameraSubscriber[m[Kâ€™
   44 |         sync_->registerCallback(std::bind(&CameraSubscriber::[01;31m[KsyncCallback[m[K, this, std::placeholders::_1, std::placeholders::_2));
      |                                                              [01;31m[K^~~~~~~~~~~~[m[K
[01m[K/home/abd1340m/Dokumente/c++/ros2_cpp_vis_ws/src/visualise_cpp/src/camera_publisher.cpp:[m[K At global scope:
[01m[K/home/abd1340m/Dokumente/c++/ros2_cpp_vis_ws/src/visualise_cpp/src/camera_publisher.cpp:48:1:[m[K [01;31m[Kerror: [m[Kexpected unqualified-id before â€˜[01m[Kprivate[m[Kâ€™
   48 | [01;31m[Kprivate[m[K:
      | [01;31m[K^~~~~~~[m[K
[01m[K/home/abd1340m/Dokumente/c++/ros2_cpp_vis_ws/src/visualise_cpp/src/camera_publisher.cpp:71:1:[m[K [01;31m[Kerror: [m[Kexpected declaration before â€˜[01m[K}[m[Kâ€™ token
   71 | [01;31m[K}[m[K;
      | [01;31m[K^[m[K
gmake[2]: *** [CMakeFiles/camera_publisher.dir/build.make:76: CMakeFiles/camera_publisher.dir/src/camera_publisher.cpp.o] Error 1
gmake[1]: *** [CMakeFiles/Makefile2:137: CMakeFiles/camera_publisher.dir/all] Error 2
gmake: *** [Makefile:146: all] Error 2
