[35m[1mConsolidate compiler generated dependencies of target camera_publisher[0m
[ 50%] [32mBuilding CXX object CMakeFiles/camera_publisher.dir/src/camera_publisher.cpp.o[0m
[01m[K/home/abd1340m/Dokumente/c++/ros2_cpp_vis_ws/src/visualise_cpp/src/camera_publisher.cpp:[m[K In member function â€˜[01m[Kvoid CameraSubscriber::Callback(const ConstSharedPtr&, const ConstSharedPtr&)[m[Kâ€™:
[01m[K/home/abd1340m/Dokumente/c++/ros2_cpp_vis_ws/src/visualise_cpp/src/camera_publisher.cpp:59:58:[m[K [01;31m[Kerror: [m[Krequest for member â€˜[01m[Kmatrix_coefficients[m[Kâ€™ in â€˜[01m[K(CameraSubscriber*)this[m[Kâ€™, which is of pointer type â€˜[01m[KCameraSubscriber*[m[Kâ€™ (maybe you meant to use â€˜[01m[K->[m[Kâ€™ ?)
   59 |             cv::undistort(image, undistorted_image, this.[01;31m[Kmatrix_coefficients[m[K, this.distortion_coefficients);
      |                                                          [01;31m[K^~~~~~~~~~~~~~~~~~~[m[K
[01m[K/home/abd1340m/Dokumente/c++/ros2_cpp_vis_ws/src/visualise_cpp/src/camera_publisher.cpp:59:84:[m[K [01;31m[Kerror: [m[Krequest for member â€˜[01m[Kdistortion_coefficients[m[Kâ€™ in â€˜[01m[K(CameraSubscriber*)this[m[Kâ€™, which is of pointer type â€˜[01m[KCameraSubscriber*[m[Kâ€™ (maybe you meant to use â€˜[01m[K->[m[Kâ€™ ?)
   59 |             cv::undistort(image, undistorted_image, this.matrix_coefficients, this.[01;31m[Kdistortion_coefficients[m[K);
      |                                                                                    [01;31m[K^~~~~~~~~~~~~~~~~~~~~~~[m[K
gmake[2]: *** [CMakeFiles/camera_publisher.dir/build.make:76: CMakeFiles/camera_publisher.dir/src/camera_publisher.cpp.o] Error 1
gmake[1]: *** [CMakeFiles/Makefile2:137: CMakeFiles/camera_publisher.dir/all] Error 2
gmake: *** [Makefile:146: all] Error 2
