[0.018s] Invoking command in '/home/abd1340m/Dokumente/c++/ros2_cpp_vis_ws/build/camera_publisher': CMAKE_PREFIX_PATH=${CMAKE_PREFIX_PATH}:/opt/ros/humble /usr/bin/cmake --build /home/abd1340m/Dokumente/c++/ros2_cpp_vis_ws/build/camera_publisher -- -j28 -l28
[0.103s] [35m[1mConsolidate compiler generated dependencies of target camera_publisher[0m
[0.139s] [ 50%] [32mBuilding CXX object CMakeFiles/camera_publisher.dir/src/camera_publisher.cpp.o[0m
[3.243s] [01m[K/home/abd1340m/Dokumente/c++/ros2_cpp_vis_ws/src/visualise_cpp/src/camera_publisher.cpp:13:30:[m[K [01;31m[Kerror: [m[Kâ€˜[01m[KSubscriber[m[Kâ€™ in namespace â€˜[01m[Kmessage_filters[m[Kâ€™ does not name a template type
[3.244s]    13 |             message_filters::[01;31m[KSubscriber[m[K<sensor_msgs::msg::Image> image_sub_;
[3.244s]       |                              [01;31m[K^~~~~~~~~~[m[K
[3.244s] [01m[K/home/abd1340m/Dokumente/c++/ros2_cpp_vis_ws/src/visualise_cpp/src/camera_publisher.cpp:14:26:[m[K [01;31m[Kerror: [m[Kâ€˜[01m[KSubscriber[m[Kâ€™ in namespace â€˜[01m[Kmessage_filters[m[Kâ€™ does not name a template type
[3.244s]    14 |         message_filters::[01;31m[KSubscriber[m[K<sensor_msgs::msg::PointCloud2> pointcloud_sub_;
[3.244s]       |                          [01;31m[K^~~~~~~~~~[m[K
[3.244s] [01m[K/home/abd1340m/Dokumente/c++/ros2_cpp_vis_ws/src/visualise_cpp/src/camera_publisher.cpp:17:47:[m[K [01;31m[Kerror: [m[Kâ€˜[01m[KApproximateTime[m[Kâ€™ in namespace â€˜[01m[Kmessage_filters[m[Kâ€™ does not name a template type
[3.244s]    17 |         using MySyncPolicy = message_filters::[01;31m[KApproximateTime[m[K<sensor_msgs::msg::Image, sensor_msgs::msg::PointCloud2>;
[3.245s]       |                                               [01;31m[K^~~~~~~~~~~~~~~[m[K
[3.249s] [01m[K/home/abd1340m/Dokumente/c++/ros2_cpp_vis_ws/src/visualise_cpp/src/camera_publisher.cpp:18:55:[m[K [01;31m[Kerror: [m[Kâ€˜[01m[KMySyncPolicy[m[Kâ€™ was not declared in this scope
[3.250s]    18 |         std::shared_ptr<message_filters::Synchronizer<[01;31m[KMySyncPolicy[m[K>> sync_;
[3.250s]       |                                                       [01;31m[K^~~~~~~~~~~~[m[K
[3.250s] [01m[K/home/abd1340m/Dokumente/c++/ros2_cpp_vis_ws/src/visualise_cpp/src/camera_publisher.cpp:18:55:[m[K [01;31m[Kerror: [m[Ktemplate argument 1 is invalid
[3.250s] [01m[K/home/abd1340m/Dokumente/c++/ros2_cpp_vis_ws/src/visualise_cpp/src/camera_publisher.cpp:18:67:[m[K [01;31m[Kerror: [m[Ktemplate argument 1 is invalid
[3.250s]    18 |         std::shared_ptr<message_filters::Synchronizer<MySyncPolicy[01;31m[K>>[m[K sync_;
[3.250s]       |                                                                   [01;31m[K^~[m[K
[3.250s] [01m[K/home/abd1340m/Dokumente/c++/ros2_cpp_vis_ws/src/visualise_cpp/src/camera_publisher.cpp:46:6:[m[K [01;31m[Kerror: [m[Kexpected â€˜[01m[K;[m[Kâ€™ after class definition
[3.250s]    46 |     }
[3.251s]       |      [01;31m[K^[m[K
[3.251s]       |      [32m[K;[m[K
[3.251s] [01m[K/home/abd1340m/Dokumente/c++/ros2_cpp_vis_ws/src/visualise_cpp/src/camera_publisher.cpp:[m[K In constructor â€˜[01m[KCameraSubscriber::CameraSubscriber()[m[Kâ€™:
[3.251s] [01m[K/home/abd1340m/Dokumente/c++/ros2_cpp_vis_ws/src/visualise_cpp/src/camera_publisher.cpp:36:20:[m[K [01;31m[Kerror: [m[Kâ€˜[01m[Kusing SharedPtr = class std::shared_ptr<rclcpp::Subscription<sensor_msgs::msg::Image_<std::allocator<void> > > >[m[Kâ€™ {aka â€˜[01m[Kclass std::shared_ptr<rclcpp::Subscription<sensor_msgs::msg::Image_<std::allocator<void> > > >[m[Kâ€™} has no member named â€˜[01m[Ksubscribe[m[Kâ€™
[3.251s]    36 |         image_sub_.[01;31m[Ksubscribe[m[K(this, "/my_camera/pylon_ros2_camera_node/image_raw", rmw_qos_profile_sensor_data);
[3.251s]       |                    [01;31m[K^~~~~~~~~[m[K
[3.257s] [01m[K/home/abd1340m/Dokumente/c++/ros2_cpp_vis_ws/src/visualise_cpp/src/camera_publisher.cpp:37:9:[m[K [01;31m[Kerror: [m[Kâ€˜[01m[Kpointcloud_sub_[m[Kâ€™ was not declared in this scope
[3.257s]    37 |         [01;31m[Kpointcloud_sub_[m[K.subscribe(this, "/ouster/points", rmw_qos_profile_sensor_data);
[3.258s]       |         [01;31m[K^~~~~~~~~~~~~~~[m[K
[3.258s] [01m[K/home/abd1340m/Dokumente/c++/ros2_cpp_vis_ws/src/visualise_cpp/src/camera_publisher.cpp:41:16:[m[K [01;31m[Kerror: [m[Krequest for member â€˜[01m[Kreset[m[Kâ€™ in â€˜[01m[K((CameraSubscriber*)this)->CameraSubscriber::sync_[m[Kâ€™, which is of non-class type â€˜[01m[Kint[m[Kâ€™
[3.258s]    41 |          sync_.[01;31m[Kreset[m[K(new Sync(MySyncPolicy(10), image_sub_, pointcloud_sub_));
[3.258s]       |                [01;31m[K^~~~~[m[K
[3.258s] [01m[K/home/abd1340m/Dokumente/c++/ros2_cpp_vis_ws/src/visualise_cpp/src/camera_publisher.cpp:41:26:[m[K [01;31m[Kerror: [m[Kexpected type-specifier before â€˜[01m[KSync[m[Kâ€™
[3.259s]    41 |          sync_.reset(new [01;31m[KSync[m[K(MySyncPolicy(10), image_sub_, pointcloud_sub_));
[3.259s]       |                          [01;31m[K^~~~[m[K
[3.259s] [01m[K/home/abd1340m/Dokumente/c++/ros2_cpp_vis_ws/src/visualise_cpp/src/camera_publisher.cpp:44:14:[m[K [01;31m[Kerror: [m[Kbase operand of â€˜[01m[K->[m[Kâ€™ is not a pointer
[3.259s]    44 |         sync_[01;31m[K->[m[KregisterCallback(std::bind(&CameraSubscriber::syncCallback, this, std::placeholders::_1, std::placeholders::_2));
[3.259s]       |              [01;31m[K^~[m[K
[3.260s] [01m[K/home/abd1340m/Dokumente/c++/ros2_cpp_vis_ws/src/visualise_cpp/src/camera_publisher.cpp:44:62:[m[K [01;31m[Kerror: [m[Kâ€˜[01m[KsyncCallback[m[Kâ€™ is not a member of â€˜[01m[KCameraSubscriber[m[Kâ€™
[3.260s]    44 |         sync_->registerCallback(std::bind(&CameraSubscriber::[01;31m[KsyncCallback[m[K, this, std::placeholders::_1, std::placeholders::_2));
[3.260s]       |                                                              [01;31m[K^~~~~~~~~~~~[m[K
[3.260s] [01m[K/home/abd1340m/Dokumente/c++/ros2_cpp_vis_ws/src/visualise_cpp/src/camera_publisher.cpp:[m[K At global scope:
[3.261s] [01m[K/home/abd1340m/Dokumente/c++/ros2_cpp_vis_ws/src/visualise_cpp/src/camera_publisher.cpp:48:1:[m[K [01;31m[Kerror: [m[Kexpected unqualified-id before â€˜[01m[Kprivate[m[Kâ€™
[3.261s]    48 | [01;31m[Kprivate[m[K:
[3.261s]       | [01;31m[K^~~~~~~[m[K
[3.261s] [01m[K/home/abd1340m/Dokumente/c++/ros2_cpp_vis_ws/src/visualise_cpp/src/camera_publisher.cpp:71:1:[m[K [01;31m[Kerror: [m[Kexpected declaration before â€˜[01m[K}[m[Kâ€™ token
[3.261s]    71 | [01;31m[K}[m[K;
[3.262s]       | [01;31m[K^[m[K
[4.692s] gmake[2]: *** [CMakeFiles/camera_publisher.dir/build.make:76: CMakeFiles/camera_publisher.dir/src/camera_publisher.cpp.o] Error 1
[4.693s] gmake[1]: *** [CMakeFiles/Makefile2:137: CMakeFiles/camera_publisher.dir/all] Error 2
[4.693s] gmake: *** [Makefile:146: all] Error 2
[4.698s] Invoked command in '/home/abd1340m/Dokumente/c++/ros2_cpp_vis_ws/build/camera_publisher' returned '2': CMAKE_PREFIX_PATH=${CMAKE_PREFIX_PATH}:/opt/ros/humble /usr/bin/cmake --build /home/abd1340m/Dokumente/c++/ros2_cpp_vis_ws/build/camera_publisher -- -j28 -l28
