[0.013s] Invoking command in '/home/abd1340m/Dokumente/c++/ros2_cpp_vis_ws/build/camera_publisher': CMAKE_PREFIX_PATH=${CMAKE_PREFIX_PATH}:/opt/ros/humble /usr/bin/cmake --build /home/abd1340m/Dokumente/c++/ros2_cpp_vis_ws/build/camera_publisher -- -j28 -l28
[0.087s] [35m[1mConsolidate compiler generated dependencies of target camera_publisher[0m
[0.115s] [ 50%] [32mBuilding CXX object CMakeFiles/camera_publisher.dir/src/camera_publisher.cpp.o[0m
[3.434s] [01m[K/home/abd1340m/Dokumente/c++/ros2_cpp_vis_ws/src/visualise_cpp/src/camera_publisher.cpp:[m[K In constructor â€˜[01m[KCameraSubscriber::CameraSubscriber()[m[Kâ€™:
[3.434s] [01m[K/home/abd1340m/Dokumente/c++/ros2_cpp_vis_ws/src/visualise_cpp/src/camera_publisher.cpp:44:67:[m[K [01;31m[Kerror: [m[Kâ€˜[01m[Kseconds[m[Kâ€™ was not declared in this scope; did you mean â€˜[01m[Kstd::chrono::seconds[m[Kâ€™?
[3.434s]    44 |         sync_policy.setInterMessageLowerBound(0, rclcpp::Duration([01;31m[Kseconds[m[K(0.1)));
[3.434s]       |                                                                   [01;31m[K^~~~~~~[m[K
[3.434s]       |                                                                   [32m[Kstd::chrono::seconds[m[K
[3.434s] In file included from [01m[K/usr/include/c++/10/mutex:39[m[K,
[3.434s]                  from [01m[K/usr/include/c++/10/future:38[m[K,
[3.434s]                  from [01m[K/opt/ros/humble/include/rclcpp/rclcpp/executors.hpp:18[m[K,
[3.434s]                  from [01m[K/opt/ros/humble/include/rclcpp/rclcpp/rclcpp.hpp:155[m[K,
[3.434s]                  from [01m[K/home/abd1340m/Dokumente/c++/ros2_cpp_vis_ws/src/visualise_cpp/src/camera_publisher.cpp:1[m[K:
[3.434s] [01m[K/usr/include/c++/10/chrono:786:11:[m[K [01;36m[Knote: [m[Kâ€˜[01m[Kstd::chrono::seconds[m[Kâ€™ declared here
[3.434s]   786 |     using [01;36m[Kseconds[m[K = duration<_GLIBCXX_CHRONO_INT64_T>;
[3.434s]       |           [01;36m[K^~~~~~~[m[K
[8.669s] gmake[2]: *** [CMakeFiles/camera_publisher.dir/build.make:76: CMakeFiles/camera_publisher.dir/src/camera_publisher.cpp.o] Error 1
[8.669s] gmake[1]: *** [CMakeFiles/Makefile2:137: CMakeFiles/camera_publisher.dir/all] Error 2
[8.669s] gmake: *** [Makefile:146: all] Error 2
[8.674s] Invoked command in '/home/abd1340m/Dokumente/c++/ros2_cpp_vis_ws/build/camera_publisher' returned '2': CMAKE_PREFIX_PATH=${CMAKE_PREFIX_PATH}:/opt/ros/humble /usr/bin/cmake --build /home/abd1340m/Dokumente/c++/ros2_cpp_vis_ws/build/camera_publisher -- -j28 -l28
