[0.013s] Invoking command in '/home/abd1340m/Dokumente/c++/ros2_cpp_vis_ws/build/camera_publisher': CMAKE_PREFIX_PATH=${CMAKE_PREFIX_PATH}:/opt/ros/humble /usr/bin/cmake --build /home/abd1340m/Dokumente/c++/ros2_cpp_vis_ws/build/camera_publisher -- -j28 -l28
[0.108s] [35m[1mConsolidate compiler generated dependencies of target camera_publisher[0m
[0.151s] [ 50%] [32mBuilding CXX object CMakeFiles/camera_publisher.dir/src/camera_publisher.cpp.o[0m
[3.479s] [01m[K/home/abd1340m/Dokumente/c++/ros2_cpp_vis_ws/src/visualise_cpp/src/camera_publisher.cpp:[m[K In constructor â€˜[01m[KCameraSubscriber::CameraSubscriber()[m[Kâ€™:
[3.479s] [01m[K/home/abd1340m/Dokumente/c++/ros2_cpp_vis_ws/src/visualise_cpp/src/camera_publisher.cpp:29:9:[m[K [01;31m[Kerror: [m[Kâ€˜[01m[Kmatrix_coefficients_mat[m[Kâ€™ was not declared in this scope; did you mean â€˜[01m[Kmatrix_coefficients[m[Kâ€™?
[3.479s]    29 |         [01;31m[Kmatrix_coefficients_mat[m[K = cv::Mat (3, 3, CV_64F, matrix_coefficients.data());
[3.479s]       |         [01;31m[K^~~~~~~~~~~~~~~~~~~~~~~[m[K
[3.480s]       |         [32m[Kmatrix_coefficients[m[K
[3.484s] [01m[K/home/abd1340m/Dokumente/c++/ros2_cpp_vis_ws/src/visualise_cpp/src/camera_publisher.cpp:30:9:[m[K [01;31m[Kerror: [m[Kâ€˜[01m[Kdistortion_coefficients_mat[m[Kâ€™ was not declared in this scope; did you mean â€˜[01m[Kdistortion_coefficients[m[Kâ€™?
[3.484s]    30 |         [01;31m[Kdistortion_coefficients_mat[m[K = cv::Mat (distortion_coefficients.size(), 1, CV_64F, distortion_coefficients.data());
[3.484s]       |         [01;31m[K^~~~~~~~~~~~~~~~~~~~~~~~~~~[m[K
[3.484s]       |         [32m[Kdistortion_coefficients[m[K
[3.567s] [01m[K/home/abd1340m/Dokumente/c++/ros2_cpp_vis_ws/src/visualise_cpp/src/camera_publisher.cpp:[m[K In member function â€˜[01m[Kvoid CameraSubscriber::Callback(const ConstSharedPtr&, const ConstSharedPtr&)[m[Kâ€™:
[3.567s] [01m[K/home/abd1340m/Dokumente/c++/ros2_cpp_vis_ws/src/visualise_cpp/src/camera_publisher.cpp:59:53:[m[K [01;31m[Kerror: [m[Kâ€˜[01m[Kmatrix_coefficients_mat[m[Kâ€™ was not declared in this scope
[3.567s]    59 |             cv::undistort(image, undistorted_image, [01;31m[Kmatrix_coefficients_mat[m[K, distortion_coefficients_mat);
[3.567s]       |                                                     [01;31m[K^~~~~~~~~~~~~~~~~~~~~~~[m[K
[3.573s] [01m[K/home/abd1340m/Dokumente/c++/ros2_cpp_vis_ws/src/visualise_cpp/src/camera_publisher.cpp:59:78:[m[K [01;31m[Kerror: [m[Kâ€˜[01m[Kdistortion_coefficients_mat[m[Kâ€™ was not declared in this scope
[3.574s]    59 |             cv::undistort(image, undistorted_image, matrix_coefficients_mat, [01;31m[Kdistortion_coefficients_mat[m[K);
[3.574s]       |                                                                              [01;31m[K^~~~~~~~~~~~~~~~~~~~~~~~~~~[m[K
[8.780s] gmake[2]: *** [CMakeFiles/camera_publisher.dir/build.make:76: CMakeFiles/camera_publisher.dir/src/camera_publisher.cpp.o] Error 1
[8.780s] gmake[1]: *** [CMakeFiles/Makefile2:137: CMakeFiles/camera_publisher.dir/all] Error 2
[8.780s] gmake: *** [Makefile:146: all] Error 2
[8.783s] Invoked command in '/home/abd1340m/Dokumente/c++/ros2_cpp_vis_ws/build/camera_publisher' returned '2': CMAKE_PREFIX_PATH=${CMAKE_PREFIX_PATH}:/opt/ros/humble /usr/bin/cmake --build /home/abd1340m/Dokumente/c++/ros2_cpp_vis_ws/build/camera_publisher -- -j28 -l28
