[0.029s] Invoking command in '/home/abd1340m/Dokumente/c++/ros2_cpp_vis_ws/build/camera_publisher': CMAKE_PREFIX_PATH=${CMAKE_PREFIX_PATH}:/opt/ros/humble /usr/bin/cmake --build /home/abd1340m/Dokumente/c++/ros2_cpp_vis_ws/build/camera_publisher -- -j28 -l28
[0.140s] [35m[1mConsolidate compiler generated dependencies of target camera_publisher[0m
[0.186s] [ 50%] [32mBuilding CXX object CMakeFiles/camera_publisher.dir/src/camera_publisher.cpp.o[0m
[6.141s] [01m[K/home/abd1340m/Dokumente/c++/ros2_cpp_vis_ws/src/visualise_cpp/src/camera_publisher.cpp:[m[K In member function â€˜[01m[Kvoid CameraSubscriber::Callback(const ConstSharedPtr&, const ConstSharedPtr&)[m[Kâ€™:
[6.142s] [01m[K/home/abd1340m/Dokumente/c++/ros2_cpp_vis_ws/src/visualise_cpp/src/camera_publisher.cpp:73:54:[m[K [01;31m[Kerror: [m[Kno matching function for call to â€˜[01m[Kstd::vector<std::array<float, 1> >::push_back(const float&)[m[Kâ€™
[6.142s]    73 |             point_intensity.push_back(point.intensity[01;31m[K)[m[K;
[6.142s]       |                                                      [01;31m[K^[m[K
[6.142s] In file included from [01m[K/usr/include/c++/10/vector:67[m[K,
[6.142s]                  from [01m[K/usr/include/c++/10/functional:62[m[K,
[6.142s]                  from [01m[K/usr/include/c++/10/pstl/glue_algorithm_defs.h:13[m[K,
[6.143s]                  from [01m[K/usr/include/c++/10/algorithm:74[m[K,
[6.143s]                  from [01m[K/opt/ros/humble/include/rclcpp/rclcpp/executor.hpp:18[m[K,
[6.143s]                  from [01m[K/opt/ros/humble/include/rclcpp/rclcpp/executors/multi_threaded_executor.hpp:25[m[K,
[6.143s]                  from [01m[K/opt/ros/humble/include/rclcpp/rclcpp/executors.hpp:21[m[K,
[6.143s]                  from [01m[K/opt/ros/humble/include/rclcpp/rclcpp/rclcpp.hpp:155[m[K,
[6.143s]                  from [01m[K/home/abd1340m/Dokumente/c++/ros2_cpp_vis_ws/src/visualise_cpp/src/camera_publisher.cpp:1[m[K:
[6.143s] [01m[K/usr/include/c++/10/bits/stl_vector.h:1187:7:[m[K [01;36m[Knote: [m[Kcandidate: â€˜[01m[Kvoid std::vector<_Tp, _Alloc>::push_back(const value_type&) [with _Tp = std::array<float, 1>; _Alloc = std::allocator<std::array<float, 1> >; std::vector<_Tp, _Alloc>::value_type = std::array<float, 1>][m[Kâ€™
[6.144s]  1187 |       [01;36m[Kpush_back[m[K(const value_type& __x)
[6.144s]       |       [01;36m[K^~~~~~~~~[m[K
[6.144s] [01m[K/usr/include/c++/10/bits/stl_vector.h:1187:35:[m[K [01;36m[Knote: [m[K  no known conversion for argument 1 from â€˜[01m[Kconst float[m[Kâ€™ to â€˜[01m[Kconst value_type&[m[Kâ€™ {aka â€˜[01m[Kconst std::array<float, 1>&[m[Kâ€™}
[6.144s]  1187 |       push_back([01;36m[Kconst value_type& __x[m[K)
[6.144s]       |                 [01;36m[K~~~~~~~~~~~~~~~~~~^~~[m[K
[6.144s] [01m[K/usr/include/c++/10/bits/stl_vector.h:1203:7:[m[K [01;36m[Knote: [m[Kcandidate: â€˜[01m[Kvoid std::vector<_Tp, _Alloc>::push_back(std::vector<_Tp, _Alloc>::value_type&&) [with _Tp = std::array<float, 1>; _Alloc = std::allocator<std::array<float, 1> >; std::vector<_Tp, _Alloc>::value_type = std::array<float, 1>][m[Kâ€™
[6.144s]  1203 |       [01;36m[Kpush_back[m[K(value_type&& __x)
[6.145s]       |       [01;36m[K^~~~~~~~~[m[K
[6.145s] [01m[K/usr/include/c++/10/bits/stl_vector.h:1203:30:[m[K [01;36m[Knote: [m[K  no known conversion for argument 1 from â€˜[01m[Kconst float[m[Kâ€™ to â€˜[01m[Kstd::vector<std::array<float, 1> >::value_type&&[m[Kâ€™ {aka â€˜[01m[Kstd::array<float, 1>&&[m[Kâ€™}
[6.145s]  1203 |       push_back([01;36m[Kvalue_type&& __x[m[K)
[6.145s]       |                 [01;36m[K~~~~~~~~~~~~~^~~[m[K
[10.829s] gmake[2]: *** [CMakeFiles/camera_publisher.dir/build.make:76: CMakeFiles/camera_publisher.dir/src/camera_publisher.cpp.o] Error 1
[10.829s] gmake[1]: *** [CMakeFiles/Makefile2:137: CMakeFiles/camera_publisher.dir/all] Error 2
[10.830s] gmake: *** [Makefile:146: all] Error 2
[10.835s] Invoked command in '/home/abd1340m/Dokumente/c++/ros2_cpp_vis_ws/build/camera_publisher' returned '2': CMAKE_PREFIX_PATH=${CMAKE_PREFIX_PATH}:/opt/ros/humble /usr/bin/cmake --build /home/abd1340m/Dokumente/c++/ros2_cpp_vis_ws/build/camera_publisher -- -j28 -l28
