[0.019s] Invoking command in '/home/abd1340m/Dokumente/c++/ros2_cpp_vis_ws/build/camera_publisher': CMAKE_PREFIX_PATH=${CMAKE_PREFIX_PATH}:/opt/ros/humble /usr/bin/cmake --build /home/abd1340m/Dokumente/c++/ros2_cpp_vis_ws/build/camera_publisher -- -j28 -l28
[0.119s] [35m[1mConsolidate compiler generated dependencies of target camera_publisher[0m
[0.178s] [ 50%] [32mBuilding CXX object CMakeFiles/camera_publisher.dir/src/camera_publisher.cpp.o[0m
[6.091s] [01m[K/home/abd1340m/Dokumente/c++/ros2_cpp_vis_ws/src/visualise_cpp/src/camera_publisher.cpp:26:50:[m[K [01;31m[Kerror: [m[Kâ€˜[01m[Klength[m[Kâ€™ is not a type
[6.092s]    26 |         std::vector<std::array<float, 4>> points([01;31m[Klength[m[K);
[6.092s]       |                                                  [01;31m[K^~~~~~[m[K
[6.170s] [01m[K/home/abd1340m/Dokumente/c++/ros2_cpp_vis_ws/src/visualise_cpp/src/camera_publisher.cpp:[m[K In member function â€˜[01m[Kvoid CameraSubscriber::Callback(const ConstSharedPtr&, const ConstSharedPtr&)[m[Kâ€™:
[6.170s] [01m[K/home/abd1340m/Dokumente/c++/ros2_cpp_vis_ws/src/visualise_cpp/src/camera_publisher.cpp:75:13:[m[K [01;31m[Kerror: [m[Kinvalid use of member function â€˜[01m[Kstd::vector<std::array<float, 4> > CameraSubscriber::points(int)[m[Kâ€™ (did you forget the â€˜[01m[K()[m[Kâ€™ ?)
[6.170s]    75 |             [01;31m[Kpoints[m[K.push_back(point_data);
[6.171s]       |             [01;31m[K^~~~~~[m[K
[11.009s] gmake[2]: *** [CMakeFiles/camera_publisher.dir/build.make:76: CMakeFiles/camera_publisher.dir/src/camera_publisher.cpp.o] Error 1
[11.009s] gmake[1]: *** [CMakeFiles/Makefile2:137: CMakeFiles/camera_publisher.dir/all] Error 2
[11.010s] gmake: *** [Makefile:146: all] Error 2
[11.017s] Invoked command in '/home/abd1340m/Dokumente/c++/ros2_cpp_vis_ws/build/camera_publisher' returned '2': CMAKE_PREFIX_PATH=${CMAKE_PREFIX_PATH}:/opt/ros/humble /usr/bin/cmake --build /home/abd1340m/Dokumente/c++/ros2_cpp_vis_ws/build/camera_publisher -- -j28 -l28
