[0.017s] Invoking command in '/home/abd1340m/Dokumente/c++/ros2_cpp_vis_ws/build/camera_publisher': CMAKE_PREFIX_PATH=${CMAKE_PREFIX_PATH}:/opt/ros/humble /usr/bin/cmake --build /home/abd1340m/Dokumente/c++/ros2_cpp_vis_ws/build/camera_publisher -- -j28 -l28
[0.078s] [35m[1mConsolidate compiler generated dependencies of target camera_publisher[0m
[0.125s] [ 50%] [32mBuilding CXX object CMakeFiles/camera_publisher.dir/src/camera_publisher.cpp.o[0m
[3.452s] [01m[K/home/abd1340m/Dokumente/c++/ros2_cpp_vis_ws/src/visualise_cpp/src/camera_publisher.cpp:[m[K In constructor â€˜[01m[KCameraSubscriber::CameraSubscriber()[m[Kâ€™:
[3.452s] [01m[K/home/abd1340m/Dokumente/c++/ros2_cpp_vis_ws/src/visualise_cpp/src/camera_publisher.cpp:45:62:[m[K [01;31m[Kerror: [m[Kâ€˜[01m[KsyncCallback[m[Kâ€™ is not a member of â€˜[01m[KCameraSubscriber[m[Kâ€™
[3.453s]    45 |         sync_->registerCallback(std::bind(&CameraSubscriber::[01;31m[KsyncCallback[m[K, this, std::placeholders::_1, std::placeholders::_2));
[3.453s]       |                                                              [01;31m[K^~~~~~~~~~~~[m[K
[8.239s] gmake[2]: *** [CMakeFiles/camera_publisher.dir/build.make:76: CMakeFiles/camera_publisher.dir/src/camera_publisher.cpp.o] Error 1
[8.240s] gmake[1]: *** [CMakeFiles/Makefile2:137: CMakeFiles/camera_publisher.dir/all] Error 2
[8.240s] gmake: *** [Makefile:146: all] Error 2
[8.245s] Invoked command in '/home/abd1340m/Dokumente/c++/ros2_cpp_vis_ws/build/camera_publisher' returned '2': CMAKE_PREFIX_PATH=${CMAKE_PREFIX_PATH}:/opt/ros/humble /usr/bin/cmake --build /home/abd1340m/Dokumente/c++/ros2_cpp_vis_ws/build/camera_publisher -- -j28 -l28
