[0.022s] Invoking command in '/home/abd1340m/Dokumente/c++/ros2_cpp_vis_ws/build/camera_publisher': CMAKE_PREFIX_PATH=${CMAKE_PREFIX_PATH}:/opt/ros/humble /usr/bin/cmake --build /home/abd1340m/Dokumente/c++/ros2_cpp_vis_ws/build/camera_publisher -- -j28 -l28
[0.106s] [35m[1mConsolidate compiler generated dependencies of target camera_publisher[0m
[0.129s] [ 50%] [32mBuilding CXX object CMakeFiles/camera_publisher.dir/src/camera_publisher.cpp.o[0m
[3.465s] [01m[K/home/abd1340m/Dokumente/c++/ros2_cpp_vis_ws/src/visualise_cpp/src/camera_publisher.cpp:[m[K In constructor â€˜[01m[KCameraSubscriber::CameraSubscriber()[m[Kâ€™:
[3.465s] [01m[K/home/abd1340m/Dokumente/c++/ros2_cpp_vis_ws/src/visualise_cpp/src/camera_publisher.cpp:45:44:[m[K [01;31m[Kerror: [m[Kâ€˜[01m[KMyNode[m[Kâ€™ has not been declared
[3.465s]    45 |         sync_->registerCallback(std::bind(&[01;31m[KMyNode[m[K::callback, this, std::placeholders::_1, std::placeholders::_2));
[3.465s]       |                                            [01;31m[K^~~~~~[m[K
[8.300s] gmake[2]: *** [CMakeFiles/camera_publisher.dir/build.make:76: CMakeFiles/camera_publisher.dir/src/camera_publisher.cpp.o] Error 1
[8.301s] gmake[1]: *** [CMakeFiles/Makefile2:137: CMakeFiles/camera_publisher.dir/all] Error 2
[8.301s] gmake: *** [Makefile:146: all] Error 2
[8.304s] Invoked command in '/home/abd1340m/Dokumente/c++/ros2_cpp_vis_ws/build/camera_publisher' returned '2': CMAKE_PREFIX_PATH=${CMAKE_PREFIX_PATH}:/opt/ros/humble /usr/bin/cmake --build /home/abd1340m/Dokumente/c++/ros2_cpp_vis_ws/build/camera_publisher -- -j28 -l28
