[0.019s] Invoking command in '/home/abd1340m/Dokumente/c++/ros2_cpp_vis_ws/build/camera_publisher': CMAKE_PREFIX_PATH=${CMAKE_PREFIX_PATH}:/opt/ros/humble /usr/bin/cmake --build /home/abd1340m/Dokumente/c++/ros2_cpp_vis_ws/build/camera_publisher -- -j28 -l28
[0.095s] [35m[1mConsolidate compiler generated dependencies of target camera_publisher[0m
[0.126s] [ 50%] [32mBuilding CXX object CMakeFiles/camera_publisher.dir/src/camera_publisher.cpp.o[0m
[3.385s] [01m[K/home/abd1340m/Dokumente/c++/ros2_cpp_vis_ws/src/visualise_cpp/src/camera_publisher.cpp:[m[K In constructor â€˜[01m[KCameraSubscriber::CameraSubscriber()[m[Kâ€™:
[3.385s] [01m[K/home/abd1340m/Dokumente/c++/ros2_cpp_vis_ws/src/visualise_cpp/src/camera_publisher.cpp:29:17:[m[K [01;31m[Kerror: [m[Kconflicting declaration â€˜[01m[Kcv::Mat matrix_coefficients[m[Kâ€™
[3.386s]    29 |         cv::Mat [01;31m[Kmatrix_coefficients[m[K  = matrix_coefficients_mat(3, 3, CV_64F, matrix_coefficients.data());
[3.386s]       |                 [01;31m[K^~~~~~~~~~~~~~~~~~~[m[K
[3.386s] [01m[K/home/abd1340m/Dokumente/c++/ros2_cpp_vis_ws/src/visualise_cpp/src/camera_publisher.cpp:25:29:[m[K [01;36m[Knote: [m[Kprevious declaration as â€˜[01m[Kstd::vector<double, std::allocator<double> > matrix_coefficients[m[Kâ€™
[3.386s]    25 |         std::vector<double> [01;36m[Kmatrix_coefficients[m[K = calib_data["camera_matrix"]["data"].as<std::vector<double>>();
[3.386s]       |                             [01;36m[K^~~~~~~~~~~~~~~~~~~[m[K
[3.391s] [01m[K/home/abd1340m/Dokumente/c++/ros2_cpp_vis_ws/src/visualise_cpp/src/camera_publisher.cpp:29:40:[m[K [01;31m[Kerror: [m[Kâ€˜[01m[Kmatrix_coefficients_mat[m[Kâ€™ was not declared in this scope; did you mean â€˜[01m[Kmatrix_coefficients[m[Kâ€™?
[3.391s]    29 |         cv::Mat matrix_coefficients  = [01;31m[Kmatrix_coefficients_mat[m[K(3, 3, CV_64F, matrix_coefficients.data());
[3.392s]       |                                        [01;31m[K^~~~~~~~~~~~~~~~~~~~~~~[m[K
[3.392s]       |                                        [32m[Kmatrix_coefficients[m[K
[3.392s] [01m[K/home/abd1340m/Dokumente/c++/ros2_cpp_vis_ws/src/visualise_cpp/src/camera_publisher.cpp:30:17:[m[K [01;31m[Kerror: [m[Kconflicting declaration â€˜[01m[Kcv::Mat distortion_coefficients[m[Kâ€™
[3.392s]    30 |         cv::Mat [01;31m[Kdistortion_coefficients[m[K  = distortion_coefficients_mat(distortion_coefficients.size(), 1, CV_64F, distortion_coefficients.data());
[3.392s]       |                 [01;31m[K^~~~~~~~~~~~~~~~~~~~~~~[m[K
[3.392s] [01m[K/home/abd1340m/Dokumente/c++/ros2_cpp_vis_ws/src/visualise_cpp/src/camera_publisher.cpp:26:29:[m[K [01;36m[Knote: [m[Kprevious declaration as â€˜[01m[Kstd::vector<double, std::allocator<double> > distortion_coefficients[m[Kâ€™
[3.392s]    26 |         std::vector<double> [01;36m[Kdistortion_coefficients[m[K = calib_data["distortion_coefficients"]["data"].as<std::vector<double>>();
[3.393s]       |                             [01;36m[K^~~~~~~~~~~~~~~~~~~~~~~[m[K
[3.396s] [01m[K/home/abd1340m/Dokumente/c++/ros2_cpp_vis_ws/src/visualise_cpp/src/camera_publisher.cpp:30:44:[m[K [01;31m[Kerror: [m[Kâ€˜[01m[Kdistortion_coefficients_mat[m[Kâ€™ was not declared in this scope; did you mean â€˜[01m[Kdistortion_coefficients[m[Kâ€™?
[3.396s]    30 |         cv::Mat distortion_coefficients  = [01;31m[Kdistortion_coefficients_mat[m[K(distortion_coefficients.size(), 1, CV_64F, distortion_coefficients.data());
[3.396s]       |                                            [01;31m[K^~~~~~~~~~~~~~~~~~~~~~~~~~~[m[K
[3.396s]       |                                            [32m[Kdistortion_coefficients[m[K
[3.477s] [01m[K/home/abd1340m/Dokumente/c++/ros2_cpp_vis_ws/src/visualise_cpp/src/camera_publisher.cpp:[m[K In member function â€˜[01m[Kvoid CameraSubscriber::Callback(const ConstSharedPtr&, const ConstSharedPtr&)[m[Kâ€™:
[3.477s] [01m[K/home/abd1340m/Dokumente/c++/ros2_cpp_vis_ws/src/visualise_cpp/src/camera_publisher.cpp:59:53:[m[K [01;31m[Kerror: [m[Kâ€˜[01m[Kmatrix_coefficients[m[Kâ€™ was not declared in this scope
[3.477s]    59 |             cv::undistort(image, undistorted_image, [01;31m[Kmatrix_coefficients[m[K, distortion_coefficients);
[3.477s]       |                                                     [01;31m[K^~~~~~~~~~~~~~~~~~~[m[K
[3.483s] [01m[K/home/abd1340m/Dokumente/c++/ros2_cpp_vis_ws/src/visualise_cpp/src/camera_publisher.cpp:59:74:[m[K [01;31m[Kerror: [m[Kâ€˜[01m[Kdistortion_coefficients[m[Kâ€™ was not declared in this scope
[3.484s]    59 |             cv::undistort(image, undistorted_image, matrix_coefficients, [01;31m[Kdistortion_coefficients[m[K);
[3.484s]       |                                                                          [01;31m[K^~~~~~~~~~~~~~~~~~~~~~~[m[K
[8.757s] gmake[2]: *** [CMakeFiles/camera_publisher.dir/build.make:76: CMakeFiles/camera_publisher.dir/src/camera_publisher.cpp.o] Error 1
[8.757s] gmake[1]: *** [CMakeFiles/Makefile2:137: CMakeFiles/camera_publisher.dir/all] Error 2
[8.758s] gmake: *** [Makefile:146: all] Error 2
[8.762s] Invoked command in '/home/abd1340m/Dokumente/c++/ros2_cpp_vis_ws/build/camera_publisher' returned '2': CMAKE_PREFIX_PATH=${CMAKE_PREFIX_PATH}:/opt/ros/humble /usr/bin/cmake --build /home/abd1340m/Dokumente/c++/ros2_cpp_vis_ws/build/camera_publisher -- -j28 -l28
